C:\USERS\DALON\DOCUMENTS\VISUAL STUDIO 2012\PROJECTS\LIBUSBBT1\LIBUSBBT1\DEBUG\LIBUSBBT1.PCH
C:\USERS\DALON\DOCUMENTS\VISUAL STUDIO 2012\PROJECTS\LIBUSBBT1\LIBUSBBT1\DEBUG\STDAFX.OBJ
C:\USERS\DALON\DOCUMENTS\VISUAL STUDIO 2012\PROJECTS\LIBUSBBT1\LIBUSBBT1\DEBUG\VC110.PDB
C:\USERS\DALON\DOCUMENTS\VISUAL STUDIO 2012\PROJECTS\LIBUSBBT1\LIBUSBBT1\DEBUG\DLLMAIN.OBJ
C:\USERS\DALON\DOCUMENTS\VISUAL STUDIO 2012\PROJECTS\LIBUSBBT1\LIBUSBBT1\DEBUG\LIBUSBBT1.OBJ
c:\users\dalon\documents\visual studio 2012\Projects\libusbbt1\Debug\libusbbt1.lib
c:\users\dalon\documents\visual studio 2012\Projects\libusbbt1\Debug\libusbbt1.exp
c:\Users\dalon\documents\visual studio 2012\Projects\libusbbt1\libusbbt1\Debug\dllmain.obj
c:\Users\dalon\documents\visual studio 2012\Projects\libusbbt1\libusbbt1\Debug\libusbbt1.obj
c:\Users\dalon\documents\visual studio 2012\Projects\libusbbt1\libusbbt1\Debug\stdafx.obj
c:\Users\dalon\documents\visual studio 2012\Projects\libusbbt1\libusbbt1\Debug\cl.command.1.tlog
c:\Users\dalon\documents\visual studio 2012\Projects\libusbbt1\libusbbt1\Debug\CL.read.1.tlog
c:\Users\dalon\documents\visual studio 2012\Projects\libusbbt1\libusbbt1\Debug\CL.write.1.tlog
c:\Users\dalon\documents\visual studio 2012\Projects\libusbbt1\libusbbt1\Debug\libusbbt1.write.1.tlog
c:\Users\dalon\documents\visual studio 2012\Projects\libusbbt1\libusbbt1\Debug\link-cvtres.read.1.tlog
c:\Users\dalon\documents\visual studio 2012\Projects\libusbbt1\libusbbt1\Debug\link-cvtres.write.1.tlog
c:\Users\dalon\documents\visual studio 2012\Projects\libusbbt1\libusbbt1\Debug\link-rc.read.1.tlog
c:\Users\dalon\documents\visual studio 2012\Projects\libusbbt1\libusbbt1\Debug\link-rc.write.1.tlog
c:\Users\dalon\documents\visual studio 2012\Projects\libusbbt1\libusbbt1\Debug\link.10036-cvtres.read.1.tlog
c:\Users\dalon\documents\visual studio 2012\Projects\libusbbt1\libusbbt1\Debug\link.10036-cvtres.write.1.tlog
c:\Users\dalon\documents\visual studio 2012\Projects\libusbbt1\libusbbt1\Debug\link.10036-rc.read.1.tlog
c:\Users\dalon\documents\visual studio 2012\Projects\libusbbt1\libusbbt1\Debug\link.10036-rc.write.1.tlog
c:\Users\dalon\documents\visual studio 2012\Projects\libusbbt1\libusbbt1\Debug\link.10036.read.1.tlog
c:\Users\dalon\documents\visual studio 2012\Projects\libusbbt1\libusbbt1\Debug\link.10036.write.1.tlog
c:\Users\dalon\documents\visual studio 2012\Projects\libusbbt1\libusbbt1\Debug\link.13320-cvtres.read.1.tlog
c:\Users\dalon\documents\visual studio 2012\Projects\libusbbt1\libusbbt1\Debug\link.13320-cvtres.write.1.tlog
c:\Users\dalon\documents\visual studio 2012\Projects\libusbbt1\libusbbt1\Debug\link.13320-rc.read.1.tlog
c:\Users\dalon\documents\visual studio 2012\Projects\libusbbt1\libusbbt1\Debug\link.13320-rc.write.1.tlog
c:\Users\dalon\documents\visual studio 2012\Projects\libusbbt1\libusbbt1\Debug\link.13320.read.1.tlog
c:\Users\dalon\documents\visual studio 2012\Projects\libusbbt1\libusbbt1\Debug\link.13320.write.1.tlog
c:\Users\dalon\documents\visual studio 2012\Projects\libusbbt1\libusbbt1\Debug\link.5460-cvtres.read.1.tlog
c:\Users\dalon\documents\visual studio 2012\Projects\libusbbt1\libusbbt1\Debug\link.5460-cvtres.write.1.tlog
c:\Users\dalon\documents\visual studio 2012\Projects\libusbbt1\libusbbt1\Debug\link.5460-rc.read.1.tlog
c:\Users\dalon\documents\visual studio 2012\Projects\libusbbt1\libusbbt1\Debug\link.5460-rc.write.1.tlog
c:\Users\dalon\documents\visual studio 2012\Projects\libusbbt1\libusbbt1\Debug\link.5460.read.1.tlog
c:\Users\dalon\documents\visual studio 2012\Projects\libusbbt1\libusbbt1\Debug\link.5460.write.1.tlog
c:\Users\dalon\documents\visual studio 2012\Projects\libusbbt1\libusbbt1\Debug\link.6284-cvtres.read.1.tlog
c:\Users\dalon\documents\visual studio 2012\Projects\libusbbt1\libusbbt1\Debug\link.6284-cvtres.write.1.tlog
c:\Users\dalon\documents\visual studio 2012\Projects\libusbbt1\libusbbt1\Debug\link.6284-rc.read.1.tlog
c:\Users\dalon\documents\visual studio 2012\Projects\libusbbt1\libusbbt1\Debug\link.6284-rc.write.1.tlog
c:\Users\dalon\documents\visual studio 2012\Projects\libusbbt1\libusbbt1\Debug\link.6284.read.1.tlog
c:\Users\dalon\documents\visual studio 2012\Projects\libusbbt1\libusbbt1\Debug\link.6284.write.1.tlog
c:\Users\dalon\documents\visual studio 2012\Projects\libusbbt1\libusbbt1\Debug\link.8332-cvtres.read.1.tlog
c:\Users\dalon\documents\visual studio 2012\Projects\libusbbt1\libusbbt1\Debug\link.8332-cvtres.write.1.tlog
c:\Users\dalon\documents\visual studio 2012\Projects\libusbbt1\libusbbt1\Debug\link.8332-rc.read.1.tlog
c:\Users\dalon\documents\visual studio 2012\Projects\libusbbt1\libusbbt1\Debug\link.8332-rc.write.1.tlog
c:\Users\dalon\documents\visual studio 2012\Projects\libusbbt1\libusbbt1\Debug\link.8332.read.1.tlog
c:\Users\dalon\documents\visual studio 2012\Projects\libusbbt1\libusbbt1\Debug\link.8332.write.1.tlog
c:\Users\dalon\documents\visual studio 2012\Projects\libusbbt1\libusbbt1\Debug\link.command.1.tlog
c:\Users\dalon\documents\visual studio 2012\Projects\libusbbt1\libusbbt1\Debug\link.read.1.tlog
c:\Users\dalon\documents\visual studio 2012\Projects\libusbbt1\libusbbt1\Debug\link.write.1.tlog
c:\Users\dalon\documents\visual studio 2012\Projects\libusbbt1\libusbbt1\Debug\libusbbt1.pch
c:\Users\dalon\documents\visual studio 2012\Projects\libusbbt1\libusbbt1\Debug\vc110.idb
c:\Users\dalon\documents\visual studio 2012\Projects\libusbbt1\libusbbt1\Debug\vc110.pdb
c:\users\dalon\documents\visual studio 2012\Projects\libusbbt1\Debug\libusbbt1.pdb
