Build started 2017/4/2 上午 11:36:45.
     1>Project "c:\Users\dalon\documents\visual studio 2012\Projects\libusbbt1\libusbbt1\libusbbt1.vcxproj" on node 2 (Build target(s)).
     1>ClCompile:
         C:\Program Files (x86)\Microsoft Visual Studio 11.0\VC\bin\CL.exe /c /ZI /nologo /W3 /WX- /Od /Oy- /D WIN32 /D _DEBUG /D _WINDOWS /D _USRDLL /D LIBUSBBT1_EXPORTS /D _WINDLL /D _UNICODE /D UNICODE /Gm /EHsc /RTC1 /MDd /GS /fp:precise /Zc:wchar_t /Zc:forScope /Yc"stdafx.h" /Fp"Debug\libusbbt1.pch" /Fo"Debug\\" /Fd"Debug\vc110.pdb" /Gd /TP /analyze- /errorReport:prompt stdafx.cpp
         stdafx.cpp
         C:\Program Files (x86)\Microsoft Visual Studio 11.0\VC\bin\CL.exe /c /ZI /nologo /W3 /WX- /Od /Oy- /D WIN32 /D _DEBUG /D _WINDOWS /D _USRDLL /D LIBUSBBT1_EXPORTS /D _WINDLL /D _UNICODE /D UNICODE /Gm /EHsc /RTC1 /MDd /GS /fp:precise /Zc:wchar_t /Zc:forScope /Fo"Debug\\" /Fd"Debug\vc110.pdb" /Gd /TP /analyze- /errorReport:prompt dllmain.cpp
         dllmain.cpp
         C:\Program Files (x86)\Microsoft Visual Studio 11.0\VC\bin\CL.exe /c /ZI /nologo /W3 /WX- /Od /Oy- /D WIN32 /D _DEBUG /D _WINDOWS /D _USRDLL /D LIBUSBBT1_EXPORTS /D _WINDLL /D _UNICODE /D UNICODE /Gm /EHsc /RTC1 /MDd /GS /fp:precise /Zc:wchar_t /Zc:forScope /Yu"stdafx.h" /Fp"Debug\libusbbt1.pch" /Fo"Debug\\" /Fd"Debug\vc110.pdb" /Gd /TP /analyze- /errorReport:prompt libusbbt1.cpp
         libusbbt1.cpp
     1>c:\users\dalon\documents\visual studio 2012\projects\libusbbt1\libusbbt1\libusb.h(738): warning C4200: nonstandard extension used : zero-sized array in struct/union
                 Cannot generate copy-ctor or copy-assignment operator when UDT contains a zero-sized array
     1>c:\users\dalon\documents\visual studio 2012\projects\libusbbt1\libusbbt1\libusb.h(769): warning C4200: nonstandard extension used : zero-sized array in struct/union
                 Cannot generate copy-ctor or copy-assignment operator when UDT contains a zero-sized array
     1>c:\users\dalon\documents\visual studio 2012\projects\libusbbt1\libusbbt1\libusb.h(1265): warning C4200: nonstandard extension used : zero-sized array in struct/union
                 Cannot generate copy-ctor or copy-assignment operator when UDT contains a zero-sized array
     1>c:\users\dalon\documents\visual studio 2012\projects\libusbbt1\libusbbt1\libusbbt1.cpp(22): warning C4996: 'sprintf': This function or variable may be unsafe. Consider using sprintf_s instead. To disable deprecation, use _CRT_SECURE_NO_WARNINGS. See online help for details.
                 c:\program files (x86)\microsoft visual studio 11.0\vc\include\stdio.h(357) : see declaration of 'sprintf'
     1>c:\users\dalon\documents\visual studio 2012\projects\libusbbt1\libusbbt1\libusbbt1.cpp(36): warning C4996: 'sprintf': This function or variable may be unsafe. Consider using sprintf_s instead. To disable deprecation, use _CRT_SECURE_NO_WARNINGS. See online help for details.
                 c:\program files (x86)\microsoft visual studio 11.0\vc\include\stdio.h(357) : see declaration of 'sprintf'
     1>c:\users\dalon\documents\visual studio 2012\projects\libusbbt1\libusbbt1\libusbbt1.cpp(40): warning C4996: 'sprintf': This function or variable may be unsafe. Consider using sprintf_s instead. To disable deprecation, use _CRT_SECURE_NO_WARNINGS. See online help for details.
                 c:\program files (x86)\microsoft visual studio 11.0\vc\include\stdio.h(357) : see declaration of 'sprintf'
     1>c:\users\dalon\documents\visual studio 2012\projects\libusbbt1\libusbbt1\libusbbt1.cpp(63): warning C4996: 'sprintf': This function or variable may be unsafe. Consider using sprintf_s instead. To disable deprecation, use _CRT_SECURE_NO_WARNINGS. See online help for details.
                 c:\program files (x86)\microsoft visual studio 11.0\vc\include\stdio.h(357) : see declaration of 'sprintf'
     1>c:\users\dalon\documents\visual studio 2012\projects\libusbbt1\libusbbt1\libusbbt1.cpp(68): warning C4996: 'sprintf': This function or variable may be unsafe. Consider using sprintf_s instead. To disable deprecation, use _CRT_SECURE_NO_WARNINGS. See online help for details.
                 c:\program files (x86)\microsoft visual studio 11.0\vc\include\stdio.h(357) : see declaration of 'sprintf'
     1>c:\users\dalon\documents\visual studio 2012\projects\libusbbt1\libusbbt1\libusbbt1.cpp(71): warning C4996: 'sprintf': This function or variable may be unsafe. Consider using sprintf_s instead. To disable deprecation, use _CRT_SECURE_NO_WARNINGS. See online help for details.
                 c:\program files (x86)\microsoft visual studio 11.0\vc\include\stdio.h(357) : see declaration of 'sprintf'
     1>c:\users\dalon\documents\visual studio 2012\projects\libusbbt1\libusbbt1\libusbbt1.cpp(75): warning C4996: 'sprintf': This function or variable may be unsafe. Consider using sprintf_s instead. To disable deprecation, use _CRT_SECURE_NO_WARNINGS. See online help for details.
                 c:\program files (x86)\microsoft visual studio 11.0\vc\include\stdio.h(357) : see declaration of 'sprintf'
     1>c:\users\dalon\documents\visual studio 2012\projects\libusbbt1\libusbbt1\libusbbt1.cpp(102): warning C4996: 'sprintf': This function or variable may be unsafe. Consider using sprintf_s instead. To disable deprecation, use _CRT_SECURE_NO_WARNINGS. See online help for details.
                 c:\program files (x86)\microsoft visual studio 11.0\vc\include\stdio.h(357) : see declaration of 'sprintf'
     1>c:\users\dalon\documents\visual studio 2012\projects\libusbbt1\libusbbt1\libusbbt1.cpp(115): warning C4996: 'sprintf': This function or variable may be unsafe. Consider using sprintf_s instead. To disable deprecation, use _CRT_SECURE_NO_WARNINGS. See online help for details.
                 c:\program files (x86)\microsoft visual studio 11.0\vc\include\stdio.h(357) : see declaration of 'sprintf'
     1>c:\users\dalon\documents\visual studio 2012\projects\libusbbt1\libusbbt1\libusbbt1.cpp(140): warning C4996: 'sprintf': This function or variable may be unsafe. Consider using sprintf_s instead. To disable deprecation, use _CRT_SECURE_NO_WARNINGS. See online help for details.
                 c:\program files (x86)\microsoft visual studio 11.0\vc\include\stdio.h(357) : see declaration of 'sprintf'
       Link:
         C:\Program Files (x86)\Microsoft Visual Studio 11.0\VC\bin\link.exe /ERRORREPORT:PROMPT /OUT:"c:\users\dalon\documents\visual studio 2012\Projects\libusbbt1\Debug\libusbbt1.dll" /INCREMENTAL /NOLOGO "libusb-1.0.lib" kernel32.lib user32.lib gdi32.lib winspool.lib comdlg32.lib advapi32.lib shell32.lib ole32.lib oleaut32.lib uuid.lib odbc32.lib odbccp32.lib /MANIFEST /MANIFESTUAC:"level='asInvoker' uiAccess='false'" /manifest:embed /DEBUG /PDB:"c:\users\dalon\documents\visual studio 2012\Projects\libusbbt1\Debug\libusbbt1.pdb" /SUBSYSTEM:WINDOWS /TLBID:1 /DYNAMICBASE /NXCOMPAT /IMPLIB:"c:\users\dalon\documents\visual studio 2012\Projects\libusbbt1\Debug\libusbbt1.lib" /MACHINE:X86 /DLL Debug\dllmain.obj
         Debug\libusbbt1.obj
         Debug\stdafx.obj
         "libusb-1.0.lib"
         LINK : c:\users\dalon\documents\visual studio 2012\Projects\libusbbt1\Debug\libusbbt1.dll not found or not built by the last incremental link; performing full link
            Creating library c:\users\dalon\documents\visual studio 2012\Projects\libusbbt1\Debug\libusbbt1.lib and object c:\users\dalon\documents\visual studio 2012\Projects\libusbbt1\Debug\libusbbt1.exp
         libusbbt1.vcxproj -> c:\users\dalon\documents\visual studio 2012\Projects\libusbbt1\Debug\libusbbt1.dll
     1>Done Building Project "c:\Users\dalon\documents\visual studio 2012\Projects\libusbbt1\libusbbt1\libusbbt1.vcxproj" (Build target(s)).

Build succeeded.

Time Elapsed 00:00:01.95
